Bears-1$$Could not find creator property with name 'intField' (in class com.fasterxml.jackson.databind.creators.Creator1476Test$SimplePojo)  at [Source: { "intField": 1, "stringField": "foo" }; line: 1, column: 1] 
Bears-2$$Can not find a (Map) Key deserializer for type [simple type, class java.lang.CharSequence]  at [Source: {"a":"b"}; line: 1, column: 1] 
Bears-3$$No entry 'businessAddress' found, can't remove 
Bears-4$$Internal error: no creator index for property 'a' (of type com.fasterxml.jackson.databind.deser.impl.InnerClassProperty) 
Bears-5$$No _idValue when handleIdValue called, on instance of com.fasterxml.jackson.databind.creators.CreatorWithObjectIdTest$A  at [Source: {"id":"123","name":"A"}; line: 1, column: 23] 
Bears-6$$Unrecognized field "fullName" (class com.fasterxml.jackson.databind.deser.ReadOrWriteOnlyTest$Pojo935), not marked as ignorable (2 known properties: "lastName", "firstName"])  at [Source: {"firstName":"Foo","lastName":"Bar","fullName":"Foo Bar"}; line: 1, column: 49] (through reference chain: com.fasterxml.jackson.databind.deser.ReadOrWriteOnlyTest$Pojo935["fullName"]) Unrecognized field "x" (class com.fasterxml.jackson.databind.deser.ReadOrWriteOnlyTest$ReadXWriteY), not marked as ignorable (one known property: "y"])  at [Source: {"x":5, "y":6}; line: 1, column: 7] (through reference chain: com.fasterxml.jackson.databind.deser.ReadOrWriteOnlyTest$ReadXWriteY["x"]) 
Bears-7$$Expected an exception with one of substrings ([value not one of declared Enum]): got one with message "Can not deserialize value of type com.fasterxml.jackson.databind.deser.EnumDeserializationTest$TestEnum from number 1: not allowed to deserialize Enum value out of number: disable DeserializationConfig.DeserializationFeature.FAIL_ON_NUMBERS_FOR_ENUMS to allow  at [Source: "1"; line: 1, column: 1]" Can not deserialize value of type com.fasterxml.jackson.databind.deser.EnumDefaultReadTest$SimpleEnumWithDefault from number 0: not allowed to deserialize Enum value out of number: disable DeserializationConfig.DeserializationFeature.FAIL_ON_NUMBERS_FOR_ENUMS to allow  at [Source: "0"; line: 1, column: 1] 
Bears-8$$[no message for java.lang.NullPointerException] 
Bears-9$$Unexpected token (VALUE_STRING), expected FIELD_NAME: missing property 'type' that is to contain type id  (for class com.fasterxml.jackson.databind.jsontype.TestPolymorphicWithDefaultImpl$AsProperty)  at [Source: { "value": "" }; line: 1, column: 12] (through reference chain: com.fasterxml.jackson.databind.jsontype.TestPolymorphicWithDefaultImpl$AsPropertyWrapper["value"]) 
Bears-10$$Can not deserialize instance of com.fasterxml.jackson.databind.BaseMapTest$ABC out of START_ARRAY token  at [Source:   [ ]; line: 1, column: 3] 
Bears-11$$expected:<{"map":{"[1]":3}}> but was:<{"map":{"[B]":3}}> 
Bears-12$$expected:<30> but was:<0> expected:<John> but was:<null> expected:<30> but was:<0> expected:<John> but was:<null> 
Bears-13$$Could not find creator property with name 'name' (in class com.fasterxml.jackson.databind.deser.ReadOrWriteOnlyTest$Foo1345)  at [Source: {"name":"test"}; line: 1, column: 1] 
Bears-14$$Expected an exception with one of substrings ([Illegal type]): got one with message "N/A  at [Source: {"id": 124,  "obj":[ "com.sun.org.apache.xalan.internal.xsltc.trax.TemplatesImpl",   {     "transletBytecodes" : [ "AAIAZQ==" ],     "transletName" : "a.b",     "outputProperties" : { }   }  ] }; line: 6, column: 26] (through reference chain: com.fasterxml.jackson.databind.interop.Bean1599["obj"]->com.sun.org.apache.xalan.internal.xsltc.trax.TemplatesImpl["outputProperties"])" 
Bears-15$$expected:<{"alwaysClass":[1],"alwaysProp":2}> but was:<{"alwaysClass":[{"id":1,"value":13}],"alwaysProp":2}> 
Bears-16$$java.lang.Integer cannot be cast to java.lang.Double (through reference chain: com.fasterxml.jackson.databind.ser.BeanSerializerModifier1612Test$Bean1612["b"]) 
Bears-17$$None
Bears-18$$Invalid definition for property "i" (of type com.fasterxml.jackson.databind.introspect.TypeCoercion1592Test$Bean1592): Can not refine serialization type [simple type, class int] into java.lang.Integer; types not related 
Bears-19$$expected:<jack> but was:<null> 
Bears-20$$Can not deserialize value of type java.util.UUID from String "not a uuid!": not a valid textual representation  at [Source: "not a uuid!"; line: 1, column: 1] 
Bears-21$$expected:<{"date":"1970-01-01[X01:00:]00"}> but was:<{"date":"1970-01-01[T01:00:00.000+01]00"}> 
Bears-22$$expected:<{"[base":1,"]sub":2}> but was:<{"[]sub":2}> 
Bears-23$$expected:<Thu Jan 01 01:00:00 CET 1970> but was:<Thu Jan 01 03:00:00 CET 1970> 
Bears-24$$None
Bears-25$$None
Bears-26$$Expected an exception with one of substrings ([Illegal type]): got one (of type com.fasterxml.jackson.databind.JsonMappingException) with message "Can not construct instance of org.springframework.jacksontest.BogusPointcutAdvisor, problem: Wrong!  at [Source: {"v":["org.springframework.jacksontest.BogusPointcutAdvisor","/tmp/foobar.txt"]}; line: 1, column: 62] (through reference chain: com.fasterxml.jackson.databind.interop.IllegalTypesCheckTest$PolyWrapper["v"])" 
Bears-27$$expected:<(unknown file)> but was:<(/root/workspace/INRIA/spoon/189186902/src/test/java/spoon/test/position/testclasses/Foo.java:3)> 
Bears-28$$// last comment at the end of array:new int[]{ // comment before array value 1 , // comment after array value 2 , 3 } is not printed 
Bears-29$$expected:<spoon.test.reference.testclasses.ParamRefs> but was:<void> 
Bears-30$$spoon.support.reflect.declaration.CtConstructorImpl cannot be cast to spoon.reflect.declaration.CtMethod 
Bears-31$$expected:<...ltimap<K, V>.Wrapped[Collection].WrappedIterator {}> but was:<...ltimap<K, V>.Wrapped[List].WrappedIterator {}> java.lang.NullPointerException java.lang.NullPointerException expected:<...ltimap<K, V>.Wrapped[Collection].WrappedIterator {}> but was:<...ltimap<K, V>.Wrapped[List].WrappedIterator {}> 
Bears-32$$None
Bears-33$$cannot load class: NotInClasspath 
Bears-34$$expected:<64> but was:<63> 
Bears-35$$The result should not contain import static: 
Bears-36$$expected:<0> but was:<1> 
Bears-37$$The method in the interface must to be default 
Bears-38$$The lambda can be based on interface, which has only one method. But spoon.test.lambda.testclasses.LambdaRxJava$NbpOperator has at least two: <T extends java.lang.Object> java.util.function.Function identity() and java.lang.Object apply(java.lang.Object) The lambda can be based on interface, which has only one method. But spoon.test.lambda.testclasses.LambdaRxJava$NbpOperator has at least two: <T extends java.lang.Object> java.util.function.Function identity() and java.lang.Object apply(java.lang.Object) spoon.SpoonException: The lambda can be based on interface, which has only one method. But spoon.test.lambda.testclasses.LambdaRxJava$NbpOperator has at least two: <T extends java.lang.Object> java.util.function.Function identity() and java.lang.Object apply(java.lang.Object) 
Bears-39$$Test failed on VariableReferencesModelTest#localVarsInFor expected:<1> but was:<0> CtLocalVariableReference#getDeclaration returned wrong declaration in VariableReferencesModelTest#localVarInNestedClass expected:<23> but was:<25> Test failed on VariableReferencesModelTest#localVarsInFor Cannot found index of local variable declaration int field = 10 in statement list {     for (int field = 10; field == 10;) {         org.junit.Assert.assertTrue((field == 10));         break;     }     int field = 11;     org.junit.Assert.assertTrue((field == 11)); } 
Bears-40$$Cannot compute access path to type: spoon.test.imports.testclasses.internal.SuperClass$ProtectedInterface$NestedOfProtectedInterface in context of type: spoon.test.imports.testclasses.ClientClass$InnerClass5 spoon.SpoonException: Cannot compute access path to type: spoon.test.imports.testclasses.internal.SuperClass$ProtectedInterface$NestedOfProtectedInterface in context of type: spoon.test.imports.testclasses.ClientClass$InnerClass5 spoon.SpoonException: Cannot compute access path to type: spoon.test.imports.testclasses.internal.SuperClass$ProtectedInterface$NestedOfProtectedInterface in context of type: spoon.test.imports.testclasses.ClientClass$InnerClass5 spoon.SpoonException: Cannot compute access path to type: spoon.test.imports.testclasses.internal.SuperClass$ProtectedInterface$NestedOfProtectedInterface in context of type: spoon.test.imports.testclasses.ClientClass$InnerClass5 ClientClass should have access to spoon.test.imports.testclasses.internal.PublicInterface2$NestedInterface but it has not 
Bears-41$$expected:<[android.content.]DialogInterface$OnCl...> but was:<[]DialogInterface$OnCl...> expected:<new [com.example.]Type[list.size()]> but was:<new []Type[list.size()]> expected:<[org.apache.lucene.store.]Lock$With> but was:<[]Lock$With> 
Bears-42$$parent not initialized for class spoon.support.reflect.code.CtInvocationImpl (unknown file) 
Bears-43$$expected:<3> but was:<2> expected:<1> but was:<0> 
Bears-44$$None
Bears-45$$expected:<public static final java.lang.String PREFIX = "BasePrefix";> but was:<public static final java.lang.String PREFIX = (spoon.test.field.testclasses.BaseClass.PREFIX) + ".b";> 
Bears-46$$None
Bears-47$$expected:<...gImport#doSomething([externallib].SomeType)> but was:<...gImport#doSomething([fr.inria].SomeType)> 
Bears-48$$Cannot resolve 1) type parameter <T>  of declarer public class Banana<T> {     abstract class Vitamins extends java.util.AbstractList<T> {    } } 
Bears-49$$0 
Bears-50$$java.lang.RuntimeException: inconsistent compilation unit: '/root/workspace/INRIA/spoon/228371032/src/test/resources/spoon/test/api/CommentedClass.java': declared types are [] 
Bears-51$$Cannot resolve type erasure of the type parameter reference, which is not able to found it's declaration. 
Bears-52$$expected:<2> but was:<1> 
Bears-53$$expected:<[spoon.test.same.]B> but was:<[]B> Expected: is "com.cristal.ircica.applicationcolis.userinterface.fragments.CompletableFragment"      but: was "CompletableFragment" 
Bears-54$$The constructor BooleanArrays() is not visible at /root/workspace/INRIA/spoon/234113323/BooleanArraysBaseTest.java:14 
Bears-55$$The java file should contain import for Launcher Can't compile spooned-javalang Spoon ignores the arguments of CtInvocations expected:<3> but was:<1> expected:<4> but was:<2> The java file should contain import for Launcher expected:<3> but was:<2> The java file should contain import for Launcher The java file should contain import for Launcher 
Bears-56$$None
Bears-57$$None
Bears-58$$class A {     ArrayList<String> list = new ArrayList<>();} not handled expected:<5> but was:<7> expected:<[]package foo;   class...> but was:<[  ]package foo;   class...> 
Bears-59$$expected:<<T[> void method1(T])> but was:<<T[ extends java.lang.String> void method1(T extends java.lang.String])> Cannot resolve type erasure of the type parameter reference, which is not able to found it's declaration. expected:<T> but was:<T extends java.lang.String> expected:<4> but was:<3> expected:<<T[> void method1(T])> but was:<<T[ extends java.lang.String> void method1(T extends java.lang.String])> 
Bears-60$$expected:<[]catch (spoon.test.tr...> but was:<[ ]catch (spoon.test.tr...> 
Bears-61$$expected:<spoon.reflect.code.C[tComment$C]ommentType> but was:<spoon.reflect.code.C[]ommentType> 
Bears-62$$expected:<0> but was:<1> expected:<0> but was:<1> 
Bears-63$$Can't compile testclasses expected:<1> but was:<0> Can't compile testclasses Can't compile testclasses 
Bears-64$$None
Bears-65$$The annotation must have a value expected:<1> but was:<0> 
Bears-66$$None
Bears-67$$expected:<62> but was:<61> 
Bears-68$$The file should not contain a static import The inner class should contain call using import The call to the last EnumTestSuite should be in FQN The file should not contain a static import 
Bears-69$$expected:<[]> but was:<[@spoon.reflect.annotations.PropertyGetter(role = spoon.reflect.path.CtRole.EXPRESSION) <C extends spoon.reflect.declaration.CtCodeSnippet> C setValue(java.lang.String value);]> 
Bears-70$$None
Bears-71$$expected:<61> but was:<62> 
Bears-72$$None
Bears-73$$It must fail, because body of forEach should be called and thrown CCE 
Bears-74$$Values should be different. Actual: it.feio.android.omninotes.models.Attachment 
Bears-75$$expected:<[]> but was:<[);]> expected:<[public]> but was:<[description="fake") public int]> expected:<[public abstrac]t> but was:<[RetentionPolicy.RUNTIME)   public abstract @in]t> 
Bears-76$$expected:<0> but was:<1> 
Bears-77$$(/root/workspace/INRIA/spoon/260087947/src/test/java/spoon/test/comment/testclasses/WildComments.java:10) expected:<[/* test single line comments with nested * and */ and **/]> but was:<[test single line comments with nested * and */ and]> 
Bears-78$$spoon.SpoonException: Printing of spoon.support.reflect.code.CtFieldReadImpl on path   CtPackageImpl:org  CtPackageImpl:ethack  CtPackageImpl:orwall  CtClassImpl:PreferencesActivity  CtClassImpl:NetworkPrefs  CtFieldImpl:listener  CtNewClassImpl  CtClassImpl:1  CtMethodImpl:onSharedPreferenceChanged  CtBlockImpl  CtIfImpl  CtBlockImpl  CtInvocationImpl  CtFieldReadImpl:PARAM_ACTIVATE at position (/root/workspace/INRIA/spoon/260612138/src/test/resources/noclasspath/orwall/PreferencesActivity.java:126) failed 
Bears-79$$Type NestedInterface is not a class Type NestedInterface is not a class 
Bears-80$$file:/root/workspace/INRIA/spoon/270439051/target/classes/ does not exist, it is not a valid folder 
Bears-81$$None
Bears-82$$expected:<....logger.Logger.exit(["enter"])> but was:<....logger.Logger.exit([this._methodName_])> expected:<[value] = 7> but was:<["value"] = 7> expected:<...System.out.println(([(x)] + (m_x)))> but was:<...System.out.println((["x"] + (m_x)))> expected:<[value] = 7> but was:<["value"] = 7> expected:<[newVarName] = o> but was:<["newVarName"] = o> 
Bears-83$$proxy template parameter must be typed as String spoon.reflect.reference.CtTypeReference 
Bears-84$$Unsupported entity org.springframework.data.auditing.IsNewAwareAuditingHandlerUnitTests$EntityWithoutId! Could not determine IsNewStrategy. 
Bears-85$$None
Bears-86$$Expected: is <false>      but: was <true> Expected: is <false>      but: was <true> 
Bears-87$$Failed to convert from type [org.springframework.data.repository.util.NullableWrapper] to type [io.vavr.control.Option<?>] for value 'org.springframework.data.repository.util.NullableWrapper@433ae0b0'; nested exception is java.lang.IllegalArgumentException: wrong number of arguments 
Bears-88$$None
Bears-89$$Expected: is <org.springframework.data.util.ClassTypeInformationUnitTests$SomeConcrete>      but: was <org.springframework.data.util.ClassTypeInformationUnitTests$SomeConcrete<java.lang.Object>> 
Bears-90$$Expected: is type < java.lang.String      but: "java.lang.Object" 
Bears-91$$Expected: is sameInstance(<com.fasterxml.jackson.databind.ObjectMapper@1b13467c>)      but: was <com.fasterxml.jackson.databind.ObjectMapper@7bd96822> 
Bears-92$$java.time.LocalDateTime cannot be cast to java.util.Optional Expected lazy evaluation to yield a non-null value but got null! java.lang.Long cannot be cast to java.util.Optional 
Bears-93$$Expecting actual not to be null 
Bears-94$$Expected: is type < org.springframework.data.util.ParameterizedTypeInformationUnitTests$MyEnum      but: "java.lang.Object" 
Bears-95$$Expecting:   <java.lang.NullPointerException> to be an instance of:   <java.lang.UnsupportedOperationException> but was:   <"java.lang.NullPointerException  at org.springframework.data.mapping.model.ClassGeneratingPropertyAccessorFactory.isTypeInjectable(ClassGeneratingPropertyAccessorFactory.java:136)  at org.springframework.data.mapping.model.ClassGeneratingPropertyAccessorFactory.isSupported(ClassGeneratingPropertyAccessorFactory.java:122)  at org.springframework.data.mapping.context.AbstractMappingContext.addPersistentEntity(AbstractMappingContext.java:397)  at org.springframework.data.mapping.context.AbstractMappingContext.getPersistentEntity(AbstractMappingContext.java:227)  at org.springframework.data.mapping.context.AbstractMappingContext.getPersistentEntity(AbstractMappingContext.java:172)  at org.springframework.data.mapping.context.AbstractMappingContext.getPersistentEntity(AbstractMappingContext.java:85)  at org.springframework.data.mapping.context.MappingContext.getRequiredPersistentEntity(MappingContext.java:70)  at org.springframework.data.mapping.model.ClassGeneratingPropertyAccessorFactoryTests.getPersistentPropertyAccessor(ClassGeneratingPropertyAccessorFactoryTests.java:167)  at org.springframework.data.mapping.model.ClassGeneratingPropertyAccessorFactoryTests.lambda$null$3(ClassGeneratingPropertyAccessorFactoryTests.java:153)  at org.assertj.core.api.ThrowableAssert.catchThrowable(ThrowableAssert.java:60)  at org.assertj.core.api.ThrowableTypeAssert.isThrownBy(ThrowableTypeAssert.java:54)  at org.springframework.data.mapping.model.ClassGeneratingPropertyAccessorFactoryTests.lambda$setPropertyShouldFailOnUnhandledProperty$4(ClassGeneratingPropertyAccessorFactoryTests.java:153)  at org.assertj.core.api.AbstractAssert.satisfies(AbstractAssert.java:639)  at org.springframework.data.mapping.model.ClassGeneratingPropertyAccessorFactoryTests.setPropertyShouldFailOnUnhandledProperty(ClassGeneratingPropertyAccessorFactoryTests.java:152)  at sun.reflect.GeneratedMethodAccessor113.invoke(Unknown Source)  at sun.reflect.DelegatingMethodAccessorImpl.invoke(DelegatingMethodAccessorImpl.java:43)  at java.lang.reflect.Method.invoke(Method.java:498)  at org.junit.runners.model.FrameworkMethod$1.runReflectiveCall(FrameworkMethod.java:50)  at org.junit.internal.runners.model.ReflectiveCallable.run(ReflectiveCallable.java:12)  at org.junit.runners.model.FrameworkMethod.invokeExplosively(FrameworkMethod.java:47)  at org.junit.internal.runners.statements.InvokeMethod.evaluate(InvokeMethod.java:17)  at org.junit.runners.ParentRunner.runLeaf(ParentRunner.java:325)  at org.junit.runners.BlockJUnit4ClassRunner.runChild(BlockJUnit4ClassRunner.java:78)  at org.junit.runners.BlockJUnit4ClassRunner.runChild(BlockJUnit4ClassRunner.java:57)  at org.junit.runners.ParentRunner$3.run(ParentRunner.java:290)  at org.junit.runners.ParentRunner$1.schedule(ParentRunner.java:71)  at org.junit.runners.ParentRunner.runChildren(ParentRunner.java:288)  at org.junit.runners.ParentRunner.access$000(ParentRunner.java:58)  at org.junit.runners.ParentRunner$2.evaluate(ParentRunner.java:268)  at org.junit.runners.ParentRunner.run(ParentRunner.java:363)  at org.junit.runners.Suite.runChild(Suite.java:128)  at org.junit.runners.Suite.runChild(Suite.java:27)  at org.junit.runners.ParentRunner$3.run(ParentRunner.java:290)  at org.junit.runners.ParentRunner$1.schedule(ParentRunner.java:71)  at org.junit.runners.ParentRunner.runChildren(ParentRunner.java:288)  at org.junit.runners.ParentRunner.access$000(ParentRunner.java:58)  at org.junit.runners.ParentRunner$2.evaluate(ParentRunner.java:268)  at org.junit.runners.ParentRunner.run(ParentRunner.java:363)  at org.apache.maven.surefire.junit4.JUnit4Provider.execute(JUnit4Provider.java:367)  at org.apache.maven.surefire.junit4.JUnit4Provider.executeWithRerun(JUnit4Provider.java:274)  at org.apache.maven.surefire.junit4.JUnit4Provider.executeTestSet(JUnit4Provider.java:238)  at org.apache.maven.surefire.junit4.JUnit4Provider.invoke(JUnit4Provider.java:161)  at org.apache.maven.surefire.booter.ForkedBooter.invokeProviderInSameClassLoader(ForkedBooter.java:290)  at org.apache.maven.surefire.booter.ForkedBooter.runSuitesInProcess(ForkedBooter.java:242)  at org.apache.maven.surefire.booter.ForkedBooter.main(ForkedBooter.java:121) "> Unexpected exception, expected<java.lang.IllegalArgumentException> but was<java.lang.NullPointerException> Expecting:   <java.lang.NullPointerException> to be an instance of:   <java.lang.UnsupportedOperationException> but was:   <"java.lang.NullPointerException  at org.springframework.data.mapping.model.ClassGeneratingPropertyAccessorFactory.isTypeInjectable(ClassGeneratingPropertyAccessorFactory.java:136)  at org.springframework.data.mapping.model.ClassGeneratingPropertyAccessorFactory.isSupported(ClassGeneratingPropertyAccessorFactory.java:122)  at org.springframework.data.mapping.context.AbstractMappingContext.addPersistentEntity(AbstractMappingContext.java:397)  at org.springframework.data.mapping.context.AbstractMappingContext.getPersistentEntity(AbstractMappingContext.java:227)  at org.springframework.data.mapping.context.AbstractMappingContext.getPersistentEntity(AbstractMappingContext.java:172)  at org.springframework.data.mapping.context.AbstractMappingContext.getPersistentEntity(AbstractMappingContext.java:85)  at org.springframework.data.mapping.context.MappingContext.getRequiredPersistentEntity(MappingContext.java:70)  at org.springframework.data.mapping.model.ClassGeneratingPropertyAccessorFactoryTests.getPersistentPropertyAccessor(ClassGeneratingPropertyAccessorFactoryTests.java:167)  at org.springframework.data.mapping.model.ClassGeneratingPropertyAccessorFactoryTests.lambda$null$1(ClassGeneratingPropertyAccessorFactoryTests.java:145)  at org.assertj.core.api.ThrowableAssert.catchThrowable(ThrowableAssert.java:60)  at org.assertj.core.api.ThrowableTypeAssert.isThrownBy(ThrowableTypeAssert.java:54)  at org.springframework.data.mapping.model.ClassGeneratingPropertyAccessorFactoryTests.lambda$getPropertyShouldFailOnUnhandledProperty$2(ClassGeneratingPropertyAccessorFactoryTests.java:145)  at org.assertj.core.api.AbstractAssert.satisfies(AbstractAssert.java:639)  at org.springframework.data.mapping.model.ClassGeneratingPropertyAccessorFactoryTests.getPropertyShouldFailOnUnhandledProperty(ClassGeneratingPropertyAccessorFactoryTests.java:144)  at sun.reflect.GeneratedMethodAccessor111.invoke(Unknown Source)  at sun.reflect.DelegatingMethodAccessorImpl.invoke(DelegatingMethodAccessorImpl.java:43)  at java.lang.reflect.Method.invoke(Method.java:498)  at org.junit.runners.model.FrameworkMethod$1.runReflectiveCall(FrameworkMethod.java:50)  at org.junit.internal.runners.model.ReflectiveCallable.run(ReflectiveCallable.java:12)  at org.junit.runners.model.FrameworkMethod.invokeExplosively(FrameworkMethod.java:47)  at org.junit.internal.runners.statements.InvokeMethod.evaluate(InvokeMethod.java:17)  at org.junit.runners.ParentRunner.runLeaf(ParentRunner.java:325)  at org.junit.runners.BlockJUnit4ClassRunner.runChild(BlockJUnit4ClassRunner.java:78)  at org.junit.runners.BlockJUnit4ClassRunner.runChild(BlockJUnit4ClassRunner.java:57)  at org.junit.runners.ParentRunner$3.run(ParentRunner.java:290)  at org.junit.runners.ParentRunner$1.schedule(ParentRunner.java:71)  at org.junit.runners.ParentRunner.runChildren(ParentRunner.java:288)  at org.junit.runners.ParentRunner.access$000(ParentRunner.java:58)  at org.junit.runners.ParentRunner$2.evaluate(ParentRunner.java:268)  at org.junit.runners.ParentRunner.run(ParentRunner.java:363)  at org.junit.runners.Suite.runChild(Suite.java:128)  at org.junit.runners.Suite.runChild(Suite.java:27)  at org.junit.runners.ParentRunner$3.run(ParentRunner.java:290)  at org.junit.runners.ParentRunner$1.schedule(ParentRunner.java:71)  at org.junit.runners.ParentRunner.runChildren(ParentRunner.java:288)  at org.junit.runners.ParentRunner.access$000(ParentRunner.java:58)  at org.junit.runners.ParentRunner$2.evaluate(ParentRunner.java:268)  at org.junit.runners.ParentRunner.run(ParentRunner.java:363)  at org.apache.maven.surefire.junit4.JUnit4Provider.execute(JUnit4Provider.java:367)  at org.apache.maven.surefire.junit4.JUnit4Provider.executeWithRerun(JUnit4Provider.java:274)  at org.apache.maven.surefire.junit4.JUnit4Provider.executeTestSet(JUnit4Provider.java:238)  at org.apache.maven.surefire.junit4.JUnit4Provider.invoke(JUnit4Provider.java:161)  at org.apache.maven.surefire.booter.ForkedBooter.invokeProviderInSameClassLoader(ForkedBooter.java:290)  at org.apache.maven.surefire.booter.ForkedBooter.runSuitesInProcess(ForkedBooter.java:242)  at org.apache.maven.surefire.booter.ForkedBooter.main(ForkedBooter.java:121) "> 
Bears-96$$Expected: is <true>      but: was <false> 
Bears-97$$Expected: is <2L>      but: was <1L> 
Bears-98$$For input string: "3.75" 
Bears-99$$expected:<BigEndianHeapChannelBuffer(ridx=0, widx=32, cap=32)> but was:<null> 
Bears-100$$expected:<[org.traccar.model.Event@6b2ea799]> but was:<null> 
Bears-101$$No group 5 
Bears-102$$Readable byte limit exceeded: 339 
Bears-103$$None
Bears-104$$For input string: "017.159" 
Bears-105$$position is null 
Bears-106$$position is null 
Bears-107$$For input string: "" 
Bears-108$$position is null 
Bears-109$$Unparseable date: "22:37:413be0133057" 
Bears-110$$expected:<4294966271> but was:<1418892070> 
Bears-111$$list if empty 
Bears-112$$position is null 
Bears-113$$position is null 
Bears-114$$Unparseable date: "" 
Bears-115$$For input string: "100]" 
Bears-116$$position is null 
Bears-117$$position is null 
Bears-118$$valid expected:<true> but was:<false> 
Bears-119$$String index out of range: -16 
Bears-120$$expected:<BigEndianHeapChannelBuffer(ridx=0, widx=163, cap=163)> but was:<null> 
Bears-121$$None
Bears-122$$position is null 
Bears-123$$expected:<Fri Jan 01 01:24:00 CET 2016> but was:<Fri Jan 01 01:23:00 CET 2016> expected:<Fri Jan 01 01:09:00 CET 2016> but was:<Fri Jan 01 01:07:00 CET 2016> 
Bears-124$$position is null 
Bears-125$$Value out of range. Value:"FFAD" Radix:16 
Bears-126$$value too high 
Bears-127$$Not enough readable bytes - Need 2, maximum is 1 
Bears-128$$position is null 
Bears-129$$position is null 
Bears-130$$position is null 
Bears-131$$Value out of range. Value:"FB2E" Radix:16 
Bears-132$$not a list 
Bears-133$$buffer is null 
Bears-134$$position is null 
Bears-135$$buffer is null 
Bears-136$$expected:<454c00[1e]b41a0123456789012345...> but was:<454c00[22]b41a0123456789012345...> 
Bears-137$$expected:<[24243030363545363836313137323033353932363639357c3137303931323135333235372c2d37392e3337333835332c34332e3736353631392c302c302c7c3441]> but was:<[]> 
Bears-138$$Not enough readable bytes - Need 6, maximum is 0 
Bears-139$$2 
Bears-140$$None
Bears-141$$Expected: is "jqadams@h2ms.org"      but: was "JqAdAmS@h2Ms.OrG" Unknown user: JqAdAmS@h2Ms.oRg 
Bears-142$$Activity should have not ended yet Activity should have not ended yet Activity should have not ended yet 
Bears-143$$Request processing failed; nested exception is javax.validation.ConstraintViolationException: Validation failed for classes [edu.harvard.h2ms.domain.core.User] during persist time for groups [javax.validation.groups.Default, ] List of constraint violations:[  ConstraintViolationImpl{interpolatedMessage='may not be null', propertyPath=firstName, rootBeanClass=class edu.harvard.h2ms.domain.core.User, messageTemplate='{javax.validation.constraints.NotNull.message}'} ] 
Bears-144$$expected:<Already initialized> but was:<null> 
Bears-145$$expected:<247> but was:<48> 
Bears-146$$TestThread(dk.alexandra.fresco.suite.spdz.SpdzResourcePoolImpl@34fb81bf) threw exception in test (see stderr) TestThread(dk.alexandra.fresco.suite.spdz.SpdzResourcePoolImpl@4430ab63) threw exception in test (see stderr) 
Bears-147$$TestThread(dk.alexandra.fresco.suite.dummy.arithmetic.DummyArithmeticResourcePoolImpl@226b70b3) threw exception in test (see stderr) test timed out after 120000 milliseconds 
Bears-148$$expected:<79228162514264337593543950335> but was:<255> 
Bears-149$$expected:<1> but was:<0> 
Bears-150$$expected:<zh-hant_CN> but was:<zh_HANT_CN> expected:<zh-hant_CN> but was:<zh_HANT_CN> 
Bears-151$$expected:<{name=Mercy, age=31}> but was:<{name=Mercy}> 
Bears-152$$None
Bears-153$$No compatible method found: setDescription(org.apache.commons.configuration.Configuration$$EnhancerByMockitoWithCGLIB$$b8e33db, org.apache.servicecomb.serviceregistry.api.registry.Microservice) No compatible method found: setDescription(org.apache.commons.configuration.Configuration$$EnhancerByMockitoWithCGLIB$$b8e33db, org.apache.servicecomb.serviceregistry.api.registry.Microservice) No compatible method found: setDescription(org.apache.commons.configuration.Configuration$$EnhancerByMockitoWithCGLIB$$b8e33db, org.apache.servicecomb.serviceregistry.api.registry.Microservice) No compatible method found: setDescription(org.apache.commons.configuration.Configuration$$EnhancerByMockitoWithCGLIB$$b8e33db, org.apache.servicecomb.serviceregistry.api.registry.Microservice) 
Bears-154$$expected:<[higher_priority]> but was:<[value]> 
Bears-155$$Expected: every item is is <301>      but: an item was <94> 
Bears-156$$None
Bears-157$$expected:<[tru]e> but was:<[fals]e> 
Bears-158$$None
Bears-159$$java.time.format.DateTimeParseException: Text '2016-11-04 13:51:30.123' could not be parsed, unparsed text found at index 19 
Bears-160$$Expecting token type 128 at line 1, column 80 but found 'RESTRICT': i`, DROP COLUMN jkl  ===>> RESTRICT 
Bears-161$$Expecting ')' at line 1, column 221 but found ',':  THAN ('2018-01-17') ===>> , PARTITION p_2018_0 
Bears-162$$expected:<[10]> but was:<[-1]> expected:<[0]> but was:<[-1]> 
Bears-163$$Failed to parse statement 'ALTER TABLE t ADD CONSTRAINT UNIQUE KEY col_key ('col1');' 
Bears-164$$java.time.format.DateTimeParseException: Text '2016-11-04 BC' could not be parsed, unparsed text found at index 10 java.time.format.DateTimeParseException: Text '2018-03-22 12:30:56.824452+05:30' could not be parsed, unparsed text found at index 29 java.time.format.DateTimeParseException: Text '0002-12-01 17:00:00 BC' could not be parsed, unparsed text found at index 19 java.time.format.DateTimeParseException: Text '2016-11-04 13:51:30.123789+02:30' could not be parsed, unparsed text found at index 29 
Bears-165$$expected:<10> but was:<5> Values should be different. Actual: {"class":"class org.hisp.dhis.dataelement.DataElementOperand", "id":"0", "uid":"null", "dataElement":{"class":"class org.hisp.dhis.dataelement.DataElement", "hashCode":"-58940749", "id":"0", "uid":"null", "code":"null", "name":"DataElement A", "shortName":"null", "description":"null", "created":"null", "lastUpdated":"null" }, "categoryOptionCombo":{"class":"class org.hisp.dhis.dataelement.DataElementCategoryOptionCombo", "id":"0", "uid":"null", "code":"null", "categoryCombo":{"class":"class org.hisp.dhis.dataelement.DataElementCategoryCombo", "id":"0", "uid":"null", "code":"null", "name":"CategoryCombo B", "created":"null", "lastUpdated":"null" }, "categoryOptions":[]}"attributeOptionCombo":{"class":"class org.hisp.dhis.dataelement.DataElementCategoryOptionCombo", "id":"0", "uid":"null", "code":"null", "categoryCombo":{"class":"class org.hisp.dhis.dataelement.DataElementCategoryCombo", "id":"0", "uid":"null", "code":"null", "name":"CategoryCombo B", "created":"null", "lastUpdated":"null" }, "categoryOptions":[]}} 
Bears-166$$Expected: is <Active>      but: was <Pending> 
Bears-167$$Expected exception for duplicate address Expected exception for duplicate address 
Bears-168$$Unexpected exception, expected<io.enmasse.address.model.v1.DeserializeException> but was<java.lang.NullPointerException> Unexpected exception, expected<io.enmasse.address.model.v1.DeserializeException> but was<java.lang.NullPointerException> 
Bears-169$$None
Bears-170$$Expected exception org.molgenis.script.core.ScriptException but got java.lang.NullPointerException expected [algorithm is not defined] but found [Applying an algorithm on a null source value caused an exception. Is the target attribute required?] 
Bears-171$$Method CsvIteratorTest.testIteratorValueHeaderMismatchOneNonEmptyValue()[pri:0, instance:org.molgenis.data.csv.CsvIteratorTest@6c4ce583] should have thrown an exception of class org.molgenis.data.MolgenisDataException Method CsvIteratorTest.testIteratorValueHeaderMismatch()[pri:0, instance:org.molgenis.data.csv.CsvIteratorTest@6c4ce583] should have thrown an exception of class org.molgenis.data.MolgenisDataException 
Bears-172$$Unnecessary stubbings detected. Clean & maintainable test code requires zero unnecessary code. Following stubbings are unnecessary (click to navigate to relevant line of code):   1. -> at org.molgenis.data.security.owned.RowLevelSecurityRepositoryDecoratorTest.testFindOne(RowLevelSecurityRepositoryDecoratorTest.java:334)   2. -> at org.molgenis.data.security.owned.RowLevelSecurityRepositoryDecoratorTest.testFindOne(RowLevelSecurityRepositoryDecoratorTest.java:336) Please remove unnecessary stubbings or use 'silent' option. More info: javadoc for UnnecessaryStubbingException class. expected [null] but found [Mock for Entity, hashCode: 1448517199] 
Bears-173$$Method ExcelRepositoryTest.iteratorDuplicateSheetHeader()[pri:0, instance:org.molgenis.data.excel.ExcelRepositoryTest@18ffca6c] should have thrown an exception of class org.molgenis.data.MolgenisDataException 
Bears-174$$[Ljava.lang.Integer; cannot be cast to [Ljava.lang.String; 
Bears-175$$Method DataPersisterImplTest.testPersistMetaNoneDataAddAbstractEntityType()[pri:0, instance:org.molgenis.data.importer.DataPersisterImplTest@5c70d7f0] should have thrown an exception of class org.molgenis.data.MolgenisDataException 
Bears-176$$None
Bears-177$$Expected: is <true>      but: was <false> 
Bears-178$$Expected exception: java.lang.IllegalStateException 
Bears-179$$Argument(s) are different! Wanted: methodVisitor.visitMethodInsn(     182,     "foo",     "bar",     "qux",     false ); -> at net.bytebuddy.implementation.bytecode.member.MethodInvocationTest.assertInvocation(MethodInvocationTest.java:218) Actual invocation has different arguments: methodVisitor.visitMethodInsn(     185,     "baz",     "bar",     "qux",     true ); -> at net.bytebuddy.implementation.bytecode.member.MethodInvocation$Invocation.apply(MethodInvocation.java:307) Argument(s) are different! Wanted: methodVisitor.visitMethodInsn(     182,     "foo",     "bar",     "qux",     false ); -> at net.bytebuddy.implementation.bytecode.member.MethodInvocationTest.assertInvocation(MethodInvocationTest.java:218) Actual invocation has different arguments: methodVisitor.visitMethodInsn(     185,     "baz",     "bar",     "qux",     true ); -> at net.bytebuddy.implementation.bytecode.member.MethodInvocation$Invocation.apply(MethodInvocation.java:307) Argument(s) are different! Wanted: methodVisitor.visitMethodInsn(     182,     "foo",     "bar",     "qux",     false ); -> at net.bytebuddy.implementation.bytecode.member.MethodInvocationTest.assertInvocation(MethodInvocationTest.java:218) Actual invocation has different arguments: methodVisitor.visitMethodInsn(     185,     "baz",     "bar",     "qux",     true ); -> at net.bytebuddy.implementation.bytecode.member.MethodInvocation$Invocation.apply(MethodInvocation.java:307) 
Bears-180$$None
Bears-181$$Wanted but not invoked: resultSet.close(); -> at org.springframework.cloud.gcp.data.spanner.core.SpannerTemplateTests.countTest(SpannerTemplateTests.java:259)  However, there were exactly 2 interactions with this mock: resultSet.next(); -> at org.springframework.cloud.gcp.data.spanner.core.SpannerTemplate.count(SpannerTemplate.java:204)  resultSet.getLong(0); -> at org.springframework.cloud.gcp.data.spanner.core.SpannerTemplate.count(SpannerTemplate.java:205) 
Bears-182$$The number of tags does match the number of params. 
Bears-183$$expected:<...able ORDER BY id ASC[ LIMIT 5 OFFSET 3];> but was:<...able ORDER BY id ASC[];> 
Bears-184$$None
Bears-185$$Expecting:  <"Cannot use native queries with dynamic sorting and/or pagination in method public abstract java.util.List org.springframework.data.jpa.repository.query.JpaQueryLookupStrategyUnitTests$UserRepository.findByInvalidNativeQuery(java.lang.String,org.springframework.data.domain.Sort)"> to contain:  <"Cannot use native queries with dynamic sorting in method"> 
Bears-186$$expected [false] but found [true] 
Bears-187$$expected [true] but found [false] 
Bears-188$$None
Bears-189$$None
Bears-190$$None
Bears-191$$expected:<NORMAL - [D]OWN> but was:<NORMAL - [UNKN]OWN> expected:<NORMAL - [D]OWN> but was:<NORMAL - [UNKN]OWN> expected:<NORMAL - [D]OWN> but was:<NORMAL - [UNKN]OWN> expected:<NORMAL - [D]OWN> but was:<NORMAL - [UNKN]OWN> expected:<NORMAL - [D]OWN> but was:<NORMAL - [UNKN]OWN> expected:<NORMAL - [D]OWN> but was:<NORMAL - [UNKN]OWN> 
Bears-192$$expected:<30 seconds> but was:<null> expected:<1 minute 0 seconds> but was:<null> 
Bears-193$$Failed to load ApplicationContext 
Bears-194$$expected:<0> but was:<1> 
Bears-195$$Unexpected exception, expected<java.lang.IllegalStateException> but was<java.lang.IllegalArgumentException> 
Bears-196$$None
Bears-197$$null expected:<...//www.my.server.com/[app/]hello/hithere/> but was:<...//www.my.server.com/[]hello/hithere/> 
Bears-198$$None
Bears-199$$test timed out after 1000 milliseconds 
Bears-200$$None
Bears-201$$None
Bears-202$$Can only blacklist jars by leafname: /usr/lib/jvm/java-8-openjdk-amd64/jre/lib/jce.jar 
Bears-203$$javax.xml.bind.PropertyException: name: com.sun.xml.internal.bind.xmlHeaders value:  <!-- Generated by Christian Pesch's RouteConverter. See http://www.routeconverter.com --> javax.xml.bind.PropertyException: name: com.sun.xml.internal.bind.xmlHeaders value:  <!-- Generated by Christian Pesch's RouteConverter. See http://www.routeconverter.com --> javax.xml.bind.PropertyException: name: com.sun.xml.internal.bind.xmlHeaders value:  <!-- Generated by Christian Pesch's RouteConverter. See http://www.routeconverter.com --> javax.xml.bind.PropertyException: name: com.sun.xml.internal.bind.xmlHeaders value:  <!-- Generated by Christian Pesch's RouteConverter. See http://www.routeconverter.com --> javax.xml.bind.PropertyException: name: com.sun.xml.internal.bind.xmlHeaders value:  <!-- Generated by Christian Pesch's RouteConverter. See http://www.routeconverter.com --> javax.xml.bind.PropertyException: name: com.sun.xml.internal.bind.xmlHeaders value:  <!-- Generated by Christian Pesch's RouteConverter. See http://www.routeconverter.com --> javax.xml.bind.PropertyException: name: com.sun.xml.internal.bind.xmlHeaders value:  <!-- Generated by Christian Pesch's RouteConverter. See http://www.routeconverter.com --> javax.xml.bind.PropertyException: name: com.sun.xml.internal.bind.xmlHeaders value:  <!-- Generated by Christian Pesch's RouteConverter. See http://www.routeconverter.com --> javax.xml.bind.PropertyException: name: com.sun.xml.internal.bind.xmlHeaders value:  <!-- Generated by Christian Pesch's RouteConverter. See http://www.routeconverter.com --> javax.xml.bind.PropertyException: name: com.sun.xml.internal.bind.xmlHeaders value:  <!-- Generated by Christian Pesch's RouteConverter. See http://www.routeconverter.com --> javax.xml.bind.PropertyException: name: com.sun.xml.internal.bind.xmlHeaders value:  <!-- Generated by Christian Pesch's RouteConverter. See http://www.routeconverter.com --> javax.xml.bind.PropertyException: name: com.sun.xml.internal.bind.xmlHeaders value:  <!-- Generated by Christian Pesch's RouteConverter. See http://www.routeconverter.com --> javax.xml.bind.PropertyException: name: com.sun.xml.internal.bind.xmlHeaders value:  <!-- Generated by Christian Pesch's RouteConverter. See http://www.routeconverter.com --> javax.xml.bind.PropertyException: name: com.sun.xml.internal.bind.xmlHeaders value:  <!-- Generated by Christian Pesch's RouteConverter. See http://www.routeconverter.com --> javax.xml.bind.PropertyException: name: com.sun.xml.internal.bind.xmlHeaders value:  <!-- Generated by Christian Pesch's RouteConverter. See http://www.routeconverter.com --> 
Bears-204$$expected: <client.presenter.controller.messages.UnregisterResponseMessage@1f1c7bf6> but was: <client.presenter.controller.messages.UnregisterResponseMessage@25b485ba> expected: <client.presenter.controller.messages.MenuMessageResponse@5d740a0f> but was: <client.presenter.controller.messages.MenuMessageResponse@214b199c> expected: <client.presenter.controller.messages.ViewValidMovesResponse@482cd91f> but was: <client.presenter.controller.messages.ViewValidMovesResponse@123f1134> expected: <client.presenter.controller.messages.MenuMessageResponse@25a65b77> but was: <client.presenter.controller.messages.MenuMessageResponse@2ed0fbae> expected: <client.presenter.controller.messages.RegisterResponseMessage@64c87930> but was: <client.presenter.controller.messages.RegisterResponseMessage@400cff1a> expected: <client.presenter.controller.messages.MenuMessageResponse@20d3d15a> but was: <client.presenter.controller.messages.MenuMessageResponse@2893de87> expected: <client.presenter.controller.messages.MenuMessageResponse@212bf671> but was: <client.presenter.controller.messages.MenuMessageResponse@14a2f921> expected: <client.presenter.controller.messages.LoginResponseMessage@5b0abc94> but was: <client.presenter.controller.messages.LoginResponseMessage@75c072cb> expected: <client.presenter.controller.messages.MenuMessageResponse@12d3a4e9> but was: <client.presenter.controller.messages.MenuMessageResponse@240237d2> expected: <client.presenter.controller.messages.MenuMessageResponse@55ca8de8> but was: <client.presenter.controller.messages.MenuMessageResponse@2c34f934> 
Bears-205$$Expected exception: com.ctrip.framework.apollo.common.exception.BadRequestException 
Bears-206$$None
Bears-207$$expected:<200> but was:<404> 
Bears-208$$Unexpected exception while parsing statement CREATE TABLE DATE_TABLE (  A date NOT NULL DEFAULT '0000-00-00',  B date NOT NULL DEFAULT '2018-00-01',  C date NOT NULL DEFAULT '0000-12-31',  D date NOT NULL DEFAULT '2018-01-00',  E date NOT NULL DEFAULT '9999-09-09',  F date NOT NULL DEFAULT '1111-11-11',  G date NOT NULL DEFAULT '2018-08-31',  H date NOT NULL DEFAULT 0); at line 1, column 103 Text '2000-01-00 00:00:00' could not be parsed: Invalid value for DayOfMonth (valid values 1 - 28/31): 0 Unexpected exception while parsing statement CREATE TABLE TIME_TABLE (  A timestamp NOT NULL DEFAULT CURRENT_TIMESTAMP ON UPDATE CURRENT_TIMESTAMP,  B timestamp NOT NULL DEFAULT '0000-00-00 00:00:00',  C timestamp NOT NULL DEFAULT '0000-00-00 00:00:00.000',  D timestamp NOT NULL DEFAULT '2018-06-26 12:34:56',  E timestamp NOT NULL DEFAULT '2018-06-26 12:34:56.000',  F timestamp NOT NULL DEFAULT '2018-06-26 12:34:56.78',  G datetime NOT NULL DEFAULT CURRENT_TIMESTAMP ON UPDATE CURRENT_TIMESTAMP,  H datetime NOT NULL DEFAULT '0000-00-00 00:00:00',  I datetime(3) NOT NULL DEFAULT '0000-00-00 00:00:00.000',  J datetime NOT NULL DEFAULT '2018-06-26 12:34:56',  K datetime(3) NOT NULL DEFAULT '2018-06-26 12:34:56.000',  L datetime(2) NOT NULL DEFAULT '2018-06-26 12:34:56.78',  M datetime NOT NULL DEFAULT '2000-01-00 00:00:00',  N datetime NOT NULL DEFAULT '0000-12-01 00:00:00',  O datetime NOT NULL DEFAULT '2000-00-01 00:00:00'); at line 1, column 786 Text '2018-00-01' could not be parsed: Invalid value for MonthOfYear (valid values 1 - 12): 0 
Bears-209$$Expected exception of type 'java.lang.IllegalArgumentException', but got 'java.lang.NullPointerException' Expected exception of type 'java.lang.IllegalArgumentException', but got 'java.lang.NullPointerException' 
Bears-210$$expected:<false> but was:<true> expected:<false> but was:<true> 
Bears-211$$Expected token VALUE_NUMBER_INT, current token VALUE_STRING Expected token VALUE_NUMBER_INT, current token null 
Bears-212$$expected:<false> but was:<true> expected:<false> but was:<true> expected:<false> but was:<true> expected:<false> but was:<true> 
Bears-213$$query not supported! 
Bears-214$$/ by zero 
Bears-215$$None
Bears-216$$expected null, but was:<class Wrapper {     static void wrap() throws java.lang.Throwable {         java.lang.String hello = "t1";     } }> 
Bears-217$$Index: 0, Size: 0 snippet compilation error while compiling: class Wrapper {     static void wrap() throws java.lang.Throwable {         class X {public void foo() { String x=(String) new Object();}};;     } } snippet compilation error while compiling: class Wrapper {     static void wrap() throws java.lang.Throwable {         String hello ="t1"; System.out.println(hello);     } } snippet compilation error while compiling: class Wrapper {     static void wrap() throws java.lang.Throwable {         class X {public void foo() { int x=0;}};;     } } Unable create model snippet compilation error while compiling: class Wrapper {     static void wrap() throws java.lang.Throwable {         class X {public void foo() { int x=0;switch(x) {case 0: x=x+1;break;case 1: x=0;default: x=-1;}}};;     } } snippet compilation error while compiling: class Wrapper {     static void wrap() throws java.lang.Throwable {         class Diamond {          java.util.List<String> f = new java.util.ArrayList<>();         };     } } snippet compilation error while compiling: class Wrapper {     static void wrap() throws java.lang.Throwable {         int i=0;     } } snippet compilation error while compiling: class Wrapper {     static void wrap() throws java.lang.Throwable {         class Pozole {             public void m() {                 class Cook {                     public Cook() {                     }                      public void m() {                         final java.lang.Class<Cook> cookClass = Cook.class;                     }                 }                 new Cook();             }         };     } } snippet compilation error while compiling: class Wrapper {     static void wrap() throws java.lang.Throwable {         class X {public void foo() { int x=0; String foo="toto";}};;     } } snippet compilation error while compiling: class Wrapper {     static void wrap() throws java.lang.Throwable {         class X {public void foo() {  int x=0;  int y=0;  int z=x+y; }};;     } } snippet compilation error while compiling: class Wrapper {     static void wrap() throws java.lang.Throwable {         if (false) {System.out.println("foo");} else {System.out.println("bar");} ;     } } snippet compilation error while compiling: class Wrapper {     static void wrap() throws java.lang.Throwable {         class X {public void foo() { try{}catch(RuntimeException e){System.exit(0);}}};;     } } snippet compilation error while compiling: class Wrapper {     static void wrap() throws java.lang.Throwable {         class X {public void foo() {  int x=0;  int y=0;  int z=x+y; }};;     } } snippet compilation error while compiling: class Wrapper {     static void wrap() throws java.lang.Throwable {         class X {public void foo() {  int x=0;  int y=0;  int z=x+y; }};;     } } snippet compilation error while compiling: class Wrapper {     static void wrap() throws java.lang.Throwable {         class X {public void foo() { try{}catch(java.lang.RuntimeException e){}}};;     } } snippet compilation error while compiling: class Wrapper {     static void wrap() throws java.lang.Throwable {         java.util.List<?> l = null;     } } snippet compilation error while compiling: class Wrapper {     static void wrap() throws java.lang.Throwable {         class X {public void foo() { Class klass=null;  boolean x= (klass == short.class);}};;     } } snippet compilation error while compiling: class Wrapper {     static void wrap() throws java.lang.Throwable {              int[] array = new int[10];             System.out.println(             array[0] // <-- array read             );         ;     } } snippet compilation error while compiling: class Wrapper {     static void wrap() throws java.lang.Throwable {         class X {public Object foo() { return null;}};;     } } snippet compilation error while compiling: class Wrapper {     static java.lang.Object wrap() throws java.lang.Throwable {         return 1 > 2;     } } snippet compilation error while compiling: class Wrapper {     static void wrap() throws java.lang.Throwable {         final int foo = (new Object() instanceof Object ? new Object().equals(null) : new Object().equals(new Object())) ? 0 : new Object().hashCode();;     } } snippet compilation error while compiling: class Wrapper {     static void wrap() throws java.lang.Throwable {         class X {public int bar() {if (1 == 0)             return 1;         else             return 0;         }};;     } } snippet compilation error while compiling: class Wrapper {     static void wrap() throws java.lang.Throwable {         class X { public void foo() {} };     } } snippet compilation error while compiling: class Wrapper {     static void wrap() throws java.lang.Throwable {         class X { X x; };     } } snippet compilation error while compiling: class Wrapper {     static void wrap() throws java.lang.Throwable {         class X { public X() {} };;     } } snippet compilation error while compiling: class Wrapper {     static void wrap() throws java.lang.Throwable {         class X {public void foo() { }};;     } } snippet compilation error while compiling: class Wrapper {     static void wrap() throws java.lang.Throwable {         class X {public void foo() {  int x=0;  int y=0;  int z=x+y; }};;     } } snippet compilation error while compiling: class Wrapper {     static void wrap() throws java.lang.Throwable {         class X<A> {void addConsumedAnnotationType(Class<? extends A> annotationType) {}         public void foo() { Class<?> x = null; addConsumedAnnotationType((Class<A>) x);}};;     } } snippet compilation error while compiling: class Wrapper {     static void wrap() throws java.lang.Throwable {         class X {public void foo() { Integer i = 1; (i++).toString(); int k = 0; k++;}};;     } } snippet compilation error while compiling: class Wrapper {     static void wrap() throws java.lang.Throwable {         try{}catch(RuntimeException | AssertionError e){};     } } snippet compilation error while compiling: class Wrapper {     static void wrap() throws java.lang.Throwable {         class X {public void foo() { try{}catch(RuntimeException e){java.lang.System.exit(0);}      catch(Exception e){}}};;     } } snippet compilation error while compiling: class Wrapper {     static void wrap() throws java.lang.Throwable {         class X {public void foo() {  int x=0;  int y=0;  int z=x+y; }};;     } } snippet compilation error while compiling: class Wrapper {     static void wrap() throws java.lang.Throwable {         class X {public void foo() { int x=0;int y=0;}};;     } } snippet compilation error while compiling: class Wrapper {     static void wrap() throws java.lang.Throwable {         class X { public void foo() {} };     } } snippet compilation error while compiling: class Wrapper {     static java.lang.Integer wrap() throws java.lang.Throwable {         return 3;     } } snippet compilation error while compiling: class Wrapper {     static void wrap() throws java.lang.Throwable {         class X implements spoon.test.compilation.testclasses.Ifoo { public int foo() {int i=0; return i;} };     } } snippet compilation error while compiling: class Wrapper {     static void wrap() throws java.lang.Throwable {         int j = 0;;     } } snippet compilation error while compiling: class Wrapper {     static void wrap() throws java.lang.Throwable {         int age = 1;     } } snippet compilation error while compiling: class Wrapper {     static void wrap() throws java.lang.Throwable {         class X {public void foo() { int x=0;int y=0;}};;     } } snippet compilation error while compiling: class Wrapper {     static void wrap() throws java.lang.Throwable {         class X {public void foo() {  int x=0;  int y=0;  int z=x+y; }};;     } } snippet compilation error while compiling: class Wrapper {     static void wrap() throws java.lang.Throwable {         int i = 1;;     } } snippet compilation error while compiling: class Wrapper {     static void wrap() throws java.lang.Throwable {         System.out.println("hello");     } } snippet compilation error while compiling: class Wrapper {     static void wrap() throws java.lang.Throwable {         class X {public void foo() {  int x=0;  int y=0;  int z=x+y; }};;     } } snippet compilation error while compiling: class Wrapper {     static void wrap() throws java.lang.Throwable {         class X { public void foo() {} };     } } snippet compilation error while compiling: class Wrapper {     static void wrap() throws java.lang.Throwable {         java.util.List<String> l ;     } } snippet compilation error while compiling: class Wrapper {     static void wrap() throws java.lang.Throwable {         try{}catch(RuntimeException | AssertionError e){};     } } snippet compilation error while compiling: class Wrapper {     static java.lang.Object wrap() throws java.lang.Throwable {         return 0+1;     } } snippet compilation error while compiling: class Wrapper {     static void wrap() throws java.lang.Throwable {         Integer.toBinaryString(Integer.MAX_VALUE);     } } snippet compilation error while compiling: class Wrapper {     static void wrap() throws java.lang.Throwable {         class X {public void foo() { int x=0; int y=0; int z=x+y;}};;     } } snippet compilation error while compiling: class Wrapper {     static void wrap() throws java.lang.Throwable {         class StringValueUTF {          String f0 = "toto";          String f1 = "\n";          char c1 = '\n';          String f2 = "\u20ac";          char c2 = '\u20ac';          String f3 = "";          char c3 = '';          String f4 = "\t";          char c4 = '\t';          String f5 = " ";          char c5 = ' ';          String f6 = "\u20ac";         };     } } snippet compilation error while compiling: class Wrapper {     static void wrap() throws java.lang.Throwable {         class X {public void foo() { Class<String> x=(Class<String>) new Object();}};;     } } snippet compilation error while compiling: class Wrapper {     static void wrap() throws java.lang.Throwable {         class X {public void foo() { try{}catch(RuntimeException | Error e){System.exit(0);}}};;     } } snippet compilation error while compiling: class Wrapper {     static void wrap() throws java.lang.Throwable {         class X {public void foo() {  int x=0;  int y=0;  int z=x+y; }};;     } } snippet compilation error while compiling: class Wrapper {     static void wrap() throws java.lang.Throwable {         class X {public void foo() {  int x=0;  int y=0;  int z=x+y; }};;     } } Index: 0, Size: 0 snippet compilation error while compiling: class Wrapper {     static void wrap() throws java.lang.Throwable {         class X {public void foo() { int x=0;}};;     } } 
Bears-218$$PartialSourcePosition only contains a CompilationUnit 
Bears-219$$For input string: "" 
Bears-220$$expected:<...encoding="UTF-8"?> <[root>   <a>0</a> </root]>> but was:<...encoding="UTF-8"?> <[a>   <a>0</a> </a]>> 
Bears-221$$Failed to match color attribute in following HTML log output: Started Running in Durability level: MAX_SURVIVABILITY <span class="pipeline-new-node" nodeId="3" startId="3" enclosingId="2">[Pipeline] node </span><span class="pipeline-node-3">Running on <a href='http://localhost:43071/jenkins/computer/slave0/' class='model-link'>slave0</a> in /root/workspace/jenkinsci/ansicolor-plugin/440438437/target/tmp/jkh5115025623875060259/workspace/p </span><span class="pipeline-new-node" nodeId="4" startId="4" enclosingId="3">[Pipeline] { </span><span class="pipeline-new-node" nodeId="5" startId="5" enclosingId="4">[Pipeline] wrap </span><span class="pipeline-new-node" nodeId="6" startId="6" enclosingId="5">[Pipeline] { </span><span class="pipeline-new-node" nodeId="7" enclosingId="6">[Pipeline] sh </span><span class="pipeline-node-7">[p] Running shell script The following word is supposed to be red </span><span class="pipeline-new-node" nodeId="8" startId="6">[Pipeline] } </span><span class="pipeline-new-node" nodeId="9" startId="5">[Pipeline] // wrap </span><span class="pipeline-new-node" nodeId="10" startId="4">[Pipeline] } </span><span class="pipeline-new-node" nodeId="11" startId="3">[Pipeline] // node </span><span class="pipeline-new-node" nodeId="12" startId="2">[Pipeline] End of Pipeline </span>Finished: SUCCESS 
Bears-222$$None
Bears-223$$ModelMapper mapping errors:  1) Converter com.github.julianps.modelmapper.ValueConverter@7494e528 failed to convert io.vavr.collection.List to io.vavr.collection.List.  1 error 
Bears-224$$For input string: "a" 
Bears-225$$Expecting:  <java.lang.String> to be equal to:  <reactor.core.publisher.Flux> but was not. Expecting:  <KeyListOutput [output=[], error='null']> not to be an instance of:<io.lettuce.core.output.StreamingOutput> 
Bears-226$$Class com.milaboratory.core.alignment.kaligner1.KAlignerParameters not subtype of [simple type, class com.milaboratory.core.alignment.kaligner2.KAlignerParameters2] 
Bears-227$$Non-empty map generated from null getter: {this$0=feign.querymap.FieldQueryMapEncoderTest@3d8bbcdc} Unexpected encoded query map expected:<{bar=barz, foo=fooz}> but was:<{bar=barz, foo=fooz, this$0=feign.querymap.FieldQueryMapEncoderTest@3e2943ab}> 
Bears-228$$expected:<Thu Nov 08 23:49:11 CET 2018> but was:<Thu Nov 08 00:00:00 CET 2018> expected:<Thu Nov 08 23:48:50 CET 2018> but was:<Thu Nov 08 00:00:00 CET 2018> 
Bears-229$$concept on class org.openmrs.Obs 
Bears-230$$None
Bears-231$$expected:<[Nobody]> but was:<[]> 
Bears-232$$expected:<511> but was:<-1> expected:<1376528744703> but was:<-1> expected:<25133567> but was:<-1> 
Bears-233$$ro.pippo.core.PippoRuntimeException: Cannot deserialize session. A new one will be created. 
Bears-234$$None
Bears-235$$None
Bears-236$$Expected: is <false>      but: was <true> Expected: is <false>      but: was <true> Expected: is <false>      but: was <true> Expected: is <false>      but: was <true> 
Bears-237$$public static final java.lang.String net.bytebuddy.implementation.FieldAccessorOtherTest$StaticFieldHolder.FOO is not declared by class net.bytebuddy.renamed.java.util.concurrent.Callable$ByteBuddy$QG8psM5c 
Bears-238$$expected:<{"intValue":[-2147483648,"boolValue":fals]e}> but was:<{"intValue":[0,"boolValue":tru]e}> expected:<{"intValue":[-2147483648,"boolValue":fals]e}> but was:<{"intValue":[0,"boolValue":tru]e}> 
Bears-239$$JavaScript error: Line 1 Column 20 (Index = 20), Unexpected token "await". 
Bears-240$$Expected: "overridden"      but: was "test2" 
Bears-241$$expected:<"[myPrBranch]"> but was:<"[this is the original commit message by the user]"> expected:<"[myPrBranch]"> but was:<"[this is the original commit message by the user]"> expected:<"[new feature branch]"> but was:<"[this is the original commit message by the user]"> expected:<"[myPrBranch]"> but was:<"[this is the original commit message by the user]"> 
Bears-242$$Expected: 96 got: 67 
Bears-243$$None
Bears-244$$expected:<[fals]e> but was:<[tru]e> expected:<[tru]e> but was:<[fals]e> expected:<[fals]e> but was:<[tru]e> 
Bears-245$$None
Bears-246$$Request "StartResumeUsersPlaybackRequest" does not contain form parameter "position_ms" with value "10000" 
Bears-247$$expected:<1> but was:<0> 
Bears-248$$Timed out in waiting for test complete 
Bears-249$$None
Bears-250$$expected:<1.000 0.000 0.000 2.000 0.000 1.000 0.000> but was:<0.000 0.000 0.000 0.000 0.000 1.000 0.000> expected:<1.000 0.000 0.000 2.000 0.000 1.000 0.000> but was:<0.000 0.000 0.000 0.000 0.000 1.000 0.000> 
Bears-251$$expected:<<div id="one"><span [id="5" class="cls-five]">Title changed</spa...> but was:<<div id="one"><span [class="cls-five" id="5]">Title changed</spa...> expected:<<div id="one"><span [id="5" class="cls-five]">Title changed</spa...> but was:<<div id="one"><span [class="cls-five" id="5]">Title changed</spa...> 
Bears-1$$Could not find creator property with name 'intField' (in class com.fasterxml.jackson.databind.creators.Creator1476Test$SimplePojo)  at [Source: { "intField": 1, "stringField": "foo" }; line: 1, column: 1] 
Bears-1$$Could not find creator property with name 'intField' (in class com.fasterxml.jackson.databind.creators.Creator1476Test$SimplePojo)  at [Source: { "intField": 1, "stringField": "foo" }; line: 1, column: 1] 
Bears-1$$Could not find creator property with name 'intField' (in class com.fasterxml.jackson.databind.creators.Creator1476Test$SimplePojo)  at [Source: { "intField": 1, "stringField": "foo" }; line: 1, column: 1] 
Bears-1$$Could not find creator property with name 'intField' (in class com.fasterxml.jackson.databind.creators.Creator1476Test$SimplePojo)  at [Source: { "intField": 1, "stringField": "foo" }; line: 1, column: 1] 
